#
# There is insufficient memory for the Java Runtime Environment to continue.
# Native memory allocation (malloc) failed to allocate 32744 bytes for ChunkPool::allocate
# Possible reasons:
#   The system is out of physical RAM or swap space
#   The process is running with CompressedOops enabled, and the Java Heap may be blocking the growth of the native heap
# Possible solutions:
#   Reduce memory load on the system
#   Increase physical memory or swap space
#   Check if swap backing store is full
#   Decrease Java heap size (-Xmx/-Xms)
#   Decrease number of Java threads
#
# JRE version: OpenJDK Runtime Environment Temurin-17.0.7+7 (17.0.7+7) (build 17.0.7+7)
# Java VM: OpenJDK 64-Bit Server VM Temurin-17.0.7+7 (17.0.7+7, mixed mode, emulated-client, tiered, compressed oops, compressed class ptrs, g1 gc, windows-amd64)
# No core dump will be written. Minidumps are not enabled by default on client versions of Windows
#

---------------  S U M M A R Y ------------

Command Line: -XX:+HeapDumpOnOutOfMemoryError -Xmx1024m -Dsts.lsp.client=vscode -Dsts.log.file=/dev/null -XX:TieredStopAtLevel=1 -Xlog:jni+resolve=off -Dspring.config.location=file:c:\Users\Muhammad Waqar\.vscode\extensions\vmware.vscode-spring-boot-1.47.0\language-server\BOOT-INF\classes\application.properties org.springframework.ide.vscode.boot.app.BootLanguageServerBootApp

Host: 12th Gen Intel(R) Core(TM) i7-1255U, 12 cores, 7G,  Windows 10 , 64 bit Build 21996 (10.0.21996.1)
Time: Thu Jul 20 23:56:23 2023 Pakistan Standard Time elapsed time: 15.454089 seconds (0d 0h 0m 15s)

---------------  T H R E A D  ---------------

Current thread (0x000001aea99dbb80):  JavaThread "C1 CompilerThread0" daemon [_thread_in_native, id=11892, stack(0x00000012a0000000,0x00000012a0100000)]


Current CompileTask:
C1:  15454  302       1       java.util.zip.ZipFile$Source::initCEN (591 bytes)

Stack: [0x00000012a0000000,0x00000012a0100000]
Native frames: (J=compiled Java code, j=interpreted, Vv=VM code, C=native code)
V  [jvm.dll+0x67754a]
V  [jvm.dll+0x834304]
V  [jvm.dll+0x835aae]
V  [jvm.dll+0x836113]
V  [jvm.dll+0x24696f]
V  [jvm.dll+0xac2cc]
V  [jvm.dll+0xac67c]
V  [jvm.dll+0x2b2b00]
V  [jvm.dll+0x63a3ca]
V  [jvm.dll+0x639f52]
V  [jvm.dll+0x1ccd8d]
V  [jvm.dll+0x1450d9]
V  [jvm.dll+0x139148]
V  [jvm.dll+0x144be8]
V  [jvm.dll+0x147e49]
V  [jvm.dll+0x147865]
V  [jvm.dll+0x13f0ce]
V  [jvm.dll+0x141685]
V  [jvm.dll+0x13f86c]
V  [jvm.dll+0x14833d]
V  [jvm.dll+0x147865]
V  [jvm.dll+0x13f0ce]
V  [jvm.dll+0x141685]
V  [jvm.dll+0x13f964]
V  [jvm.dll+0x1398df]
V  [jvm.dll+0x149456]
V  [jvm.dll+0x134ff0]
V  [jvm.dll+0x135350]
V  [jvm.dll+0x135616]
V  [jvm.dll+0x134aaa]
V  [jvm.dll+0x136771]
V  [jvm.dll+0x2284da]
V  [jvm.dll+0x226615]
V  [jvm.dll+0x7ea90b]
V  [jvm.dll+0x7e4e7a]
V  [jvm.dll+0x676395]
C  [ucrtbase.dll+0x26c0c]
C  [KERNEL32.DLL+0x154e0]
C  [ntdll.dll+0x485b]


---------------  P R O C E S S  ---------------

Threads class SMR info:
_java_thread_list=0x000001aea9a150f0, length=11, elements={
0x000001ae9e618050, 0x000001aea988afe0, 0x000001aea986fa30, 0x000001aea99d85b0,
0x000001aea99d9130, 0x000001aea99daa00, 0x000001aea99db2c0, 0x000001aea99dbb80,
0x000001aea99df4a0, 0x000001aea9be8010, 0x000001aea9bea4f0
}

Java Threads: ( => current thread )
  0x000001ae9e618050 JavaThread "main" [_thread_in_native, id=34088, stack(0x000000129f300000,0x000000129f400000)]
  0x000001aea988afe0 JavaThread "Reference Handler" daemon [_thread_blocked, id=46472, stack(0x000000129fa00000,0x000000129fb00000)]
  0x000001aea986fa30 JavaThread "Finalizer" daemon [_thread_blocked, id=30748, stack(0x000000129fb00000,0x000000129fc00000)]
  0x000001aea99d85b0 JavaThread "Signal Dispatcher" daemon [_thread_blocked, id=12856, stack(0x000000129fc00000,0x000000129fd00000)]
  0x000001aea99d9130 JavaThread "Attach Listener" daemon [_thread_blocked, id=7852, stack(0x000000129fd00000,0x000000129fe00000)]
  0x000001aea99daa00 JavaThread "Service Thread" daemon [_thread_blocked, id=22444, stack(0x000000129fe00000,0x000000129ff00000)]
  0x000001aea99db2c0 JavaThread "Monitor Deflation Thread" daemon [_thread_blocked, id=33556, stack(0x000000129ff00000,0x00000012a0000000)]
=>0x000001aea99dbb80 JavaThread "C1 CompilerThread0" daemon [_thread_in_native, id=11892, stack(0x00000012a0000000,0x00000012a0100000)]
  0x000001aea99df4a0 JavaThread "Sweeper thread" daemon [_thread_blocked, id=57464, stack(0x00000012a0100000,0x00000012a0200000)]
  0x000001aea9be8010 JavaThread "Notification Thread" daemon [_thread_blocked, id=55620, stack(0x00000012a0300000,0x00000012a0400000)]
  0x000001aea9bea4f0 JavaThread "Common-Cleaner" daemon [_thread_blocked, id=53972, stack(0x00000012a0500000,0x00000012a0600000)]

Other Threads:
  0x000001aea986d150 VMThread "VM Thread" [stack: 0x000000129f900000,0x000000129fa00000] [id=58628]
  0x000001ae9e67aaa0 WatcherThread [stack: 0x00000012a0400000,0x00000012a0500000] [id=58992]
  0x000001ae9e658410 GCTaskThread "GC Thread#0" [stack: 0x000000129f400000,0x000000129f500000] [id=55556]
  0x000001ae9e661160 ConcurrentGCThread "G1 Main Marker" [stack: 0x000000129f500000,0x000000129f600000] [id=56608]
  0x000001ae9e661980 ConcurrentGCThread "G1 Conc#0" [stack: 0x000000129f600000,0x000000129f700000] [id=57024]
  0x000001ae9e6d7090 ConcurrentGCThread "G1 Refine#0" [stack: 0x000000129f700000,0x000000129f800000] [id=59296]
  0x000001ae9e6d78c0 ConcurrentGCThread "G1 Service" [stack: 0x000000129f800000,0x000000129f900000] [id=56428]

Threads with active compile tasks:
C1 CompilerThread0    15501  302       1       java.util.zip.ZipFile$Source::initCEN (591 bytes)

VM state: not at safepoint (normal execution)

VM Mutex/Monitor currently owned by a thread: None

Heap address: 0x00000000c0000000, size: 1024 MB, Compressed Oops mode: 32-bit

CDS archive(s) not mapped
Compressed class space mapped at: 0x0000000100000000-0x0000000140000000, reserved size: 1073741824
Narrow klass base: 0x0000000000000000, Narrow klass shift: 3, Narrow klass range: 0x140000000

GC Precious Log:
 CPUs: 12 total, 12 available
 Memory: 7916M
 Large Page Support: Disabled
 NUMA Support: Disabled
 Compressed Oops: Enabled (32-bit)
 Heap Region Size: 1M
 Heap Min Capacity: 8M
 Heap Initial Capacity: 124M
 Heap Max Capacity: 1G
 Pre-touch: Disabled
 Parallel Workers: 10
 Concurrent Workers: 3
 Concurrent Refinement Workers: 10
 Periodic GC: Disabled

Heap:
 garbage-first heap   total 126976K, used 8192K [0x00000000c0000000, 0x0000000100000000)
  region size 1024K, 9 young (9216K), 0 survivors (0K)
 Metaspace       used 4280K, committed 4416K, reserved 1114112K
  class space    used 416K, committed 512K, reserved 1048576K

Heap Regions: E=young(eden), S=young(survivor), O=old, HS=humongous(starts), HC=humongous(continues), CS=collection set, F=free, OA=open archive, CA=closed archive, TAMS=top-at-mark-start (previous, next)
|   0|0x00000000c0000000, 0x00000000c0100000, 0x00000000c0100000|100%|HS|  |TAMS 0x00000000c0000000, 0x00000000c0000000| Complete 
|   1|0x00000000c0100000, 0x00000000c0100000, 0x00000000c0200000|  0%| F|  |TAMS 0x00000000c0100000, 0x00000000c0100000| Untracked 
|   2|0x00000000c0200000, 0x00000000c0200000, 0x00000000c0300000|  0%| F|  |TAMS 0x00000000c0200000, 0x00000000c0200000| Untracked 
|   3|0x00000000c0300000, 0x00000000c0300000, 0x00000000c0400000|  0%| F|  |TAMS 0x00000000c0300000, 0x00000000c0300000| Untracked 
|   4|0x00000000c0400000, 0x00000000c0400000, 0x00000000c0500000|  0%| F|  |TAMS 0x00000000c0400000, 0x00000000c0400000| Untracked 
|   5|0x00000000c0500000, 0x00000000c0500000, 0x00000000c0600000|  0%| F|  |TAMS 0x00000000c0500000, 0x00000000c0500000| Untracked 
|   6|0x00000000c0600000, 0x00000000c0600000, 0x00000000c0700000|  0%| F|  |TAMS 0x00000000c0600000, 0x00000000c0600000| Untracked 
|   7|0x00000000c0700000, 0x00000000c0700000, 0x00000000c0800000|  0%| F|  |TAMS 0x00000000c0700000, 0x00000000c0700000| Untracked 
|   8|0x00000000c0800000, 0x00000000c0800000, 0x00000000c0900000|  0%| F|  |TAMS 0x00000000c0800000, 0x00000000c0800000| Untracked 
|   9|0x00000000c0900000, 0x00000000c0900000, 0x00000000c0a00000|  0%| F|  |TAMS 0x00000000c0900000, 0x00000000c0900000| Untracked 
|  10|0x00000000c0a00000, 0x00000000c0a00000, 0x00000000c0b00000|  0%| F|  |TAMS 0x00000000c0a00000, 0x00000000c0a00000| Untracked 
|  11|0x00000000c0b00000, 0x00000000c0b00000, 0x00000000c0c00000|  0%| F|  |TAMS 0x00000000c0b00000, 0x00000000c0b00000| Untracked 
|  12|0x00000000c0c00000, 0x00000000c0c00000, 0x00000000c0d00000|  0%| F|  |TAMS 0x00000000c0c00000, 0x00000000c0c00000| Untracked 
|  13|0x00000000c0d00000, 0x00000000c0d00000, 0x00000000c0e00000|  0%| F|  |TAMS 0x00000000c0d00000, 0x00000000c0d00000| Untracked 
|  14|0x00000000c0e00000, 0x00000000c0e00000, 0x00000000c0f00000|  0%| F|  |TAMS 0x00000000c0e00000, 0x00000000c0e00000| Untracked 
|  15|0x00000000c0f00000, 0x00000000c0f00000, 0x00000000c1000000|  0%| F|  |TAMS 0x00000000c0f00000, 0x00000000c0f00000| Untracked 
|  16|0x00000000c1000000, 0x00000000c1000000, 0x00000000c1100000|  0%| F|  |TAMS 0x00000000c1000000, 0x00000000c1000000| Untracked 
|  17|0x00000000c1100000, 0x00000000c1100000, 0x00000000c1200000|  0%| F|  |TAMS 0x00000000c1100000, 0x00000000c1100000| Untracked 
|  18|0x00000000c1200000, 0x00000000c1200000, 0x00000000c1300000|  0%| F|  |TAMS 0x00000000c1200000, 0x00000000c1200000| Untracked 
|  19|0x00000000c1300000, 0x00000000c1300000, 0x00000000c1400000|  0%| F|  |TAMS 0x00000000c1300000, 0x00000000c1300000| Untracked 
|  20|0x00000000c1400000, 0x00000000c1400000, 0x00000000c1500000|  0%| F|  |TAMS 0x00000000c1400000, 0x00000000c1400000| Untracked 
|  21|0x00000000c1500000, 0x00000000c1500000, 0x00000000c1600000|  0%| F|  |TAMS 0x00000000c1500000, 0x00000000c1500000| Untracked 
|  22|0x00000000c1600000, 0x00000000c1600000, 0x00000000c1700000|  0%| F|  |TAMS 0x00000000c1600000, 0x00000000c1600000| Untracked 
|  23|0x00000000c1700000, 0x00000000c1700000, 0x00000000c1800000|  0%| F|  |TAMS 0x00000000c1700000, 0x00000000c1700000| Untracked 
|  24|0x00000000c1800000, 0x00000000c1800000, 0x00000000c1900000|  0%| F|  |TAMS 0x00000000c1800000, 0x00000000c1800000| Untracked 
|  25|0x00000000c1900000, 0x00000000c1900000, 0x00000000c1a00000|  0%| F|  |TAMS 0x00000000c1900000, 0x00000000c1900000| Untracked 
|  26|0x00000000c1a00000, 0x00000000c1a00000, 0x00000000c1b00000|  0%| F|  |TAMS 0x00000000c1a00000, 0x00000000c1a00000| Untracked 
|  27|0x00000000c1b00000, 0x00000000c1b00000, 0x00000000c1c00000|  0%| F|  |TAMS 0x00000000c1b00000, 0x00000000c1b00000| Untracked 
|  28|0x00000000c1c00000, 0x00000000c1c00000, 0x00000000c1d00000|  0%| F|  |TAMS 0x00000000c1c00000, 0x00000000c1c00000| Untracked 
|  29|0x00000000c1d00000, 0x00000000c1d00000, 0x00000000c1e00000|  0%| F|  |TAMS 0x00000000c1d00000, 0x00000000c1d00000| Untracked 
|  30|0x00000000c1e00000, 0x00000000c1e00000, 0x00000000c1f00000|  0%| F|  |TAMS 0x00000000c1e00000, 0x00000000c1e00000| Untracked 
|  31|0x00000000c1f00000, 0x00000000c1f00000, 0x00000000c2000000|  0%| F|  |TAMS 0x00000000c1f00000, 0x00000000c1f00000| Untracked 
|  32|0x00000000c2000000, 0x00000000c2000000, 0x00000000c2100000|  0%| F|  |TAMS 0x00000000c2000000, 0x00000000c2000000| Untracked 
|  33|0x00000000c2100000, 0x00000000c2100000, 0x00000000c2200000|  0%| F|  |TAMS 0x00000000c2100000, 0x00000000c2100000| Untracked 
|  34|0x00000000c2200000, 0x00000000c2200000, 0x00000000c2300000|  0%| F|  |TAMS 0x00000000c2200000, 0x00000000c2200000| Untracked 
|  35|0x00000000c2300000, 0x00000000c2300000, 0x00000000c2400000|  0%| F|  |TAMS 0x00000000c2300000, 0x00000000c2300000| Untracked 
|  36|0x00000000c2400000, 0x00000000c2400000, 0x00000000c2500000|  0%| F|  |TAMS 0x00000000c2400000, 0x00000000c2400000| Untracked 
|  37|0x00000000c2500000, 0x00000000c2500000, 0x00000000c2600000|  0%| F|  |TAMS 0x00000000c2500000, 0x00000000c2500000| Untracked 
|  38|0x00000000c2600000, 0x00000000c2600000, 0x00000000c2700000|  0%| F|  |TAMS 0x00000000c2600000, 0x00000000c2600000| Untracked 
|  39|0x00000000c2700000, 0x00000000c2700000, 0x00000000c2800000|  0%| F|  |TAMS 0x00000000c2700000, 0x00000000c2700000| Untracked 
|  40|0x00000000c2800000, 0x00000000c2800000, 0x00000000c2900000|  0%| F|  |TAMS 0x00000000c2800000, 0x00000000c2800000| Untracked 
|  41|0x00000000c2900000, 0x00000000c2900000, 0x00000000c2a00000|  0%| F|  |TAMS 0x00000000c2900000, 0x00000000c2900000| Untracked 
|  42|0x00000000c2a00000, 0x00000000c2a00000, 0x00000000c2b00000|  0%| F|  |TAMS 0x00000000c2a00000, 0x00000000c2a00000| Untracked 
|  43|0x00000000c2b00000, 0x00000000c2b00000, 0x00000000c2c00000|  0%| F|  |TAMS 0x00000000c2b00000, 0x00000000c2b00000| Untracked 
|  44|0x00000000c2c00000, 0x00000000c2c00000, 0x00000000c2d00000|  0%| F|  |TAMS 0x00000000c2c00000, 0x00000000c2c00000| Untracked 
|  45|0x00000000c2d00000, 0x00000000c2d00000, 0x00000000c2e00000|  0%| F|  |TAMS 0x00000000c2d00000, 0x00000000c2d00000| Untracked 
|  46|0x00000000c2e00000, 0x00000000c2e00000, 0x00000000c2f00000|  0%| F|  |TAMS 0x00000000c2e00000, 0x00000000c2e00000| Untracked 
|  47|0x00000000c2f00000, 0x00000000c2f00000, 0x00000000c3000000|  0%| F|  |TAMS 0x00000000c2f00000, 0x00000000c2f00000| Untracked 
|  48|0x00000000c3000000, 0x00000000c3000000, 0x00000000c3100000|  0%| F|  |TAMS 0x00000000c3000000, 0x00000000c3000000| Untracked 
|  49|0x00000000c3100000, 0x00000000c3100000, 0x00000000c3200000|  0%| F|  |TAMS 0x00000000c3100000, 0x00000000c3100000| Untracked 
|  50|0x00000000c3200000, 0x00000000c3200000, 0x00000000c3300000|  0%| F|  |TAMS 0x00000000c3200000, 0x00000000c3200000| Untracked 
|  51|0x00000000c3300000, 0x00000000c3300000, 0x00000000c3400000|  0%| F|  |TAMS 0x00000000c3300000, 0x00000000c3300000| Untracked 
|  52|0x00000000c3400000, 0x00000000c3400000, 0x00000000c3500000|  0%| F|  |TAMS 0x00000000c3400000, 0x00000000c3400000| Untracked 
|  53|0x00000000c3500000, 0x00000000c3500000, 0x00000000c3600000|  0%| F|  |TAMS 0x00000000c3500000, 0x00000000c3500000| Untracked 
|  54|0x00000000c3600000, 0x00000000c3600000, 0x00000000c3700000|  0%| F|  |TAMS 0x00000000c3600000, 0x00000000c3600000| Untracked 
|  55|0x00000000c3700000, 0x00000000c3700000, 0x00000000c3800000|  0%| F|  |TAMS 0x00000000c3700000, 0x00000000c3700000| Untracked 
|  56|0x00000000c3800000, 0x00000000c3800000, 0x00000000c3900000|  0%| F|  |TAMS 0x00000000c3800000, 0x00000000c3800000| Untracked 
|  57|0x00000000c3900000, 0x00000000c3900000, 0x00000000c3a00000|  0%| F|  |TAMS 0x00000000c3900000, 0x00000000c3900000| Untracked 
|  58|0x00000000c3a00000, 0x00000000c3a00000, 0x00000000c3b00000|  0%| F|  |TAMS 0x00000000c3a00000, 0x00000000c3a00000| Untracked 
|  59|0x00000000c3b00000, 0x00000000c3b00000, 0x00000000c3c00000|  0%| F|  |TAMS 0x00000000c3b00000, 0x00000000c3b00000| Untracked 
|  60|0x00000000c3c00000, 0x00000000c3c00000, 0x00000000c3d00000|  0%| F|  |TAMS 0x00000000c3c00000, 0x00000000c3c00000| Untracked 
|  61|0x00000000c3d00000, 0x00000000c3d00000, 0x00000000c3e00000|  0%| F|  |TAMS 0x00000000c3d00000, 0x00000000c3d00000| Untracked 
|  62|0x00000000c3e00000, 0x00000000c3e00000, 0x00000000c3f00000|  0%| F|  |TAMS 0x00000000c3e00000, 0x00000000c3e00000| Untracked 
|  63|0x00000000c3f00000, 0x00000000c3f00000, 0x00000000c4000000|  0%| F|  |TAMS 0x00000000c3f00000, 0x00000000c3f00000| Untracked 
|  64|0x00000000c4000000, 0x00000000c4000000, 0x00000000c4100000|  0%| F|  |TAMS 0x00000000c4000000, 0x00000000c4000000| Untracked 
|  65|0x00000000c4100000, 0x00000000c4100000, 0x00000000c4200000|  0%| F|  |TAMS 0x00000000c4100000, 0x00000000c4100000| Untracked 
|  66|0x00000000c4200000, 0x00000000c4200000, 0x00000000c4300000|  0%| F|  |TAMS 0x00000000c4200000, 0x00000000c4200000| Untracked 
|  67|0x00000000c4300000, 0x00000000c4300000, 0x00000000c4400000|  0%| F|  |TAMS 0x00000000c4300000, 0x00000000c4300000| Untracked 
|  68|0x00000000c4400000, 0x00000000c4400000, 0x00000000c4500000|  0%| F|  |TAMS 0x00000000c4400000, 0x00000000c4400000| Untracked 
|  69|0x00000000c4500000, 0x00000000c4500000, 0x00000000c4600000|  0%| F|  |TAMS 0x00000000c4500000, 0x00000000c4500000| Untracked 
|  70|0x00000000c4600000, 0x00000000c4600000, 0x00000000c4700000|  0%| F|  |TAMS 0x00000000c4600000, 0x00000000c4600000| Untracked 
|  71|0x00000000c4700000, 0x00000000c4700000, 0x00000000c4800000|  0%| F|  |TAMS 0x00000000c4700000, 0x00000000c4700000| Untracked 
|  72|0x00000000c4800000, 0x00000000c4800000, 0x00000000c4900000|  0%| F|  |TAMS 0x00000000c4800000, 0x00000000c4800000| Untracked 
|  73|0x00000000c4900000, 0x00000000c4900000, 0x00000000c4a00000|  0%| F|  |TAMS 0x00000000c4900000, 0x00000000c4900000| Untracked 
|  74|0x00000000c4a00000, 0x00000000c4a00000, 0x00000000c4b00000|  0%| F|  |TAMS 0x00000000c4a00000, 0x00000000c4a00000| Untracked 
|  75|0x00000000c4b00000, 0x00000000c4b00000, 0x00000000c4c00000|  0%| F|  |TAMS 0x00000000c4b00000, 0x00000000c4b00000| Untracked 
|  76|0x00000000c4c00000, 0x00000000c4c00000, 0x00000000c4d00000|  0%| F|  |TAMS 0x00000000c4c00000, 0x00000000c4c00000| Untracked 
|  77|0x00000000c4d00000, 0x00000000c4d00000, 0x00000000c4e00000|  0%| F|  |TAMS 0x00000000c4d00000, 0x00000000c4d00000| Untracked 
|  78|0x00000000c4e00000, 0x00000000c4e00000, 0x00000000c4f00000|  0%| F|  |TAMS 0x00000000c4e00000, 0x00000000c4e00000| Untracked 
|  79|0x00000000c4f00000, 0x00000000c4f00000, 0x00000000c5000000|  0%| F|  |TAMS 0x00000000c4f00000, 0x00000000c4f00000| Untracked 
|  80|0x00000000c5000000, 0x00000000c5000000, 0x00000000c5100000|  0%| F|  |TAMS 0x00000000c5000000, 0x00000000c5000000| Untracked 
|  81|0x00000000c5100000, 0x00000000c5100000, 0x00000000c5200000|  0%| F|  |TAMS 0x00000000c5100000, 0x00000000c5100000| Untracked 
|  82|0x00000000c5200000, 0x00000000c5200000, 0x00000000c5300000|  0%| F|  |TAMS 0x00000000c5200000, 0x00000000c5200000| Untracked 
|  83|0x00000000c5300000, 0x00000000c5300000, 0x00000000c5400000|  0%| F|  |TAMS 0x00000000c5300000, 0x00000000c5300000| Untracked 
|  84|0x00000000c5400000, 0x00000000c5400000, 0x00000000c5500000|  0%| F|  |TAMS 0x00000000c5400000, 0x00000000c5400000| Untracked 
|  85|0x00000000c5500000, 0x00000000c5500000, 0x00000000c5600000|  0%| F|  |TAMS 0x00000000c5500000, 0x00000000c5500000| Untracked 
|  86|0x00000000c5600000, 0x00000000c5600000, 0x00000000c5700000|  0%| F|  |TAMS 0x00000000c5600000, 0x00000000c5600000| Untracked 
|  87|0x00000000c5700000, 0x00000000c5700000, 0x00000000c5800000|  0%| F|  |TAMS 0x00000000c5700000, 0x00000000c5700000| Untracked 
|  88|0x00000000c5800000, 0x00000000c5800000, 0x00000000c5900000|  0%| F|  |TAMS 0x00000000c5800000, 0x00000000c5800000| Untracked 
|  89|0x00000000c5900000, 0x00000000c5900000, 0x00000000c5a00000|  0%| F|  |TAMS 0x00000000c5900000, 0x00000000c5900000| Untracked 
|  90|0x00000000c5a00000, 0x00000000c5a00000, 0x00000000c5b00000|  0%| F|  |TAMS 0x00000000c5a00000, 0x00000000c5a00000| Untracked 
|  91|0x00000000c5b00000, 0x00000000c5b00000, 0x00000000c5c00000|  0%| F|  |TAMS 0x00000000c5b00000, 0x00000000c5b00000| Untracked 
|  92|0x00000000c5c00000, 0x00000000c5c00000, 0x00000000c5d00000|  0%| F|  |TAMS 0x00000000c5c00000, 0x00000000c5c00000| Untracked 
|  93|0x00000000c5d00000, 0x00000000c5d00000, 0x00000000c5e00000|  0%| F|  |TAMS 0x00000000c5d00000, 0x00000000c5d00000| Untracked 
|  94|0x00000000c5e00000, 0x00000000c5e00000, 0x00000000c5f00000|  0%| F|  |TAMS 0x00000000c5e00000, 0x00000000c5e00000| Untracked 
|  95|0x00000000c5f00000, 0x00000000c5f00000, 0x00000000c6000000|  0%| F|  |TAMS 0x00000000c5f00000, 0x00000000c5f00000| Untracked 
|  96|0x00000000c6000000, 0x00000000c6000000, 0x00000000c6100000|  0%| F|  |TAMS 0x00000000c6000000, 0x00000000c6000000| Untracked 
|  97|0x00000000c6100000, 0x00000000c6100000, 0x00000000c6200000|  0%| F|  |TAMS 0x00000000c6100000, 0x00000000c6100000| Untracked 
|  98|0x00000000c6200000, 0x00000000c6200000, 0x00000000c6300000|  0%| F|  |TAMS 0x00000000c6200000, 0x00000000c6200000| Untracked 
|  99|0x00000000c6300000, 0x00000000c6300000, 0x00000000c6400000|  0%| F|  |TAMS 0x00000000c6300000, 0x00000000c6300000| Untracked 
| 100|0x00000000c6400000, 0x00000000c6400000, 0x00000000c6500000|  0%| F|  |TAMS 0x00000000c6400000, 0x00000000c6400000| Untracked 
| 101|0x00000000c6500000, 0x00000000c6500000, 0x00000000c6600000|  0%| F|  |TAMS 0x00000000c6500000, 0x00000000c6500000| Untracked 
| 102|0x00000000c6600000, 0x00000000c6600000, 0x00000000c6700000|  0%| F|  |TAMS 0x00000000c6600000, 0x00000000c6600000| Untracked 
| 103|0x00000000c6700000, 0x00000000c6700000, 0x00000000c6800000|  0%| F|  |TAMS 0x00000000c6700000, 0x00000000c6700000| Untracked 
| 104|0x00000000c6800000, 0x00000000c6800000, 0x00000000c6900000|  0%| F|  |TAMS 0x00000000c6800000, 0x00000000c6800000| Untracked 
| 105|0x00000000c6900000, 0x00000000c6900000, 0x00000000c6a00000|  0%| F|  |TAMS 0x00000000c6900000, 0x00000000c6900000| Untracked 
| 106|0x00000000c6a00000, 0x00000000c6a00000, 0x00000000c6b00000|  0%| F|  |TAMS 0x00000000c6a00000, 0x00000000c6a00000| Untracked 
| 107|0x00000000c6b00000, 0x00000000c6b00000, 0x00000000c6c00000|  0%| F|  |TAMS 0x00000000c6b00000, 0x00000000c6b00000| Untracked 
| 108|0x00000000c6c00000, 0x00000000c6c00000, 0x00000000c6d00000|  0%| F|  |TAMS 0x00000000c6c00000, 0x00000000c6c00000| Untracked 
| 109|0x00000000c6d00000, 0x00000000c6d00000, 0x00000000c6e00000|  0%| F|  |TAMS 0x00000000c6d00000, 0x00000000c6d00000| Untracked 
| 110|0x00000000c6e00000, 0x00000000c6e00000, 0x00000000c6f00000|  0%| F|  |TAMS 0x00000000c6e00000, 0x00000000c6e00000| Untracked 
| 111|0x00000000c6f00000, 0x00000000c6f00000, 0x00000000c7000000|  0%| F|  |TAMS 0x00000000c6f00000, 0x00000000c6f00000| Untracked 
| 112|0x00000000c7000000, 0x00000000c7000000, 0x00000000c7100000|  0%| F|  |TAMS 0x00000000c7000000, 0x00000000c7000000| Untracked 
| 113|0x00000000c7100000, 0x00000000c7100000, 0x00000000c7200000|  0%| F|  |TAMS 0x00000000c7100000, 0x00000000c7100000| Untracked 
| 114|0x00000000c7200000, 0x00000000c7200000, 0x00000000c7300000|  0%| F|  |TAMS 0x00000000c7200000, 0x00000000c7200000| Untracked 
| 115|0x00000000c7300000, 0x00000000c730c428, 0x00000000c7400000|  4%| E|  |TAMS 0x00000000c7300000, 0x00000000c7300000| Complete 
| 116|0x00000000c7400000, 0x00000000c74fdcb0, 0x00000000c7500000| 99%| E|  |TAMS 0x00000000c7400000, 0x00000000c7400000| Complete 
| 117|0x00000000c7500000, 0x00000000c7600000, 0x00000000c7600000|100%| E|CS|TAMS 0x00000000c7500000, 0x00000000c7500000| Complete 
| 118|0x00000000c7600000, 0x00000000c7700000, 0x00000000c7700000|100%| E|CS|TAMS 0x00000000c7600000, 0x00000000c7600000| Complete 
| 119|0x00000000c7700000, 0x00000000c7800000, 0x00000000c7800000|100%| E|CS|TAMS 0x00000000c7700000, 0x00000000c7700000| Complete 
| 120|0x00000000c7800000, 0x00000000c7900000, 0x00000000c7900000|100%| E|CS|TAMS 0x00000000c7800000, 0x00000000c7800000| Complete 
| 121|0x00000000c7900000, 0x00000000c7a00000, 0x00000000c7a00000|100%| E|CS|TAMS 0x00000000c7900000, 0x00000000c7900000| Complete 
| 122|0x00000000c7a00000, 0x00000000c7b00000, 0x00000000c7b00000|100%| E|CS|TAMS 0x00000000c7a00000, 0x00000000c7a00000| Complete 
| 123|0x00000000c7b00000, 0x00000000c7c00000, 0x00000000c7c00000|100%| E|CS|TAMS 0x00000000c7b00000, 0x00000000c7b00000| Complete 

Card table byte_map: [0x000001aea47d0000,0x000001aea49d0000] _byte_map_base: 0x000001aea41d0000

Marking Bits (Prev, Next): (CMBitMap*) 0x000001ae9e658830, (CMBitMap*) 0x000001ae9e658870
 Prev Bits: [0x000001aea4bd0000, 0x000001aea5bd0000)
 Next Bits: [0x000001aea5bd0000, 0x000001aea6bd0000)

Polling page: 0x000001ae9c7a0000

Metaspace:

Usage:
  Non-class:      3.77 MB used.
      Class:    416.56 KB used.
       Both:      4.18 MB used.

Virtual space:
  Non-class space:       64.00 MB reserved,       3.81 MB (  6%) committed,  1 nodes.
      Class space:        1.00 GB reserved,     512.00 KB ( <1%) committed,  1 nodes.
             Both:        1.06 GB reserved,       4.31 MB ( <1%) committed. 

Chunk freelists:
   Non-Class:  11.96 MB
       Class:  15.55 MB
        Both:  27.51 MB

MaxMetaspaceSize: unlimited
CompressedClassSpaceSize: 1.00 GB
Initial GC threshold: 21.00 MB
Current GC threshold: 21.00 MB
CDS: off
MetaspaceReclaimPolicy: balanced
 - commit_granule_bytes: 65536.
 - commit_granule_words: 8192.
 - virtual_space_node_default_size: 8388608.
 - enlarge_chunks_in_place: 1.
 - new_chunks_are_fully_committed: 0.
 - uncommit_free_chunks: 1.
 - use_allocation_guard: 0.
 - handle_deallocations: 1.


Internal statistics:

num_allocs_failed_limit: 0.
num_arena_births: 4.
num_arena_deaths: 0.
num_vsnodes_births: 2.
num_vsnodes_deaths: 0.
num_space_committed: 69.
num_space_uncommitted: 0.
num_chunks_returned_to_freelist: 0.
num_chunks_taken_from_freelist: 13.
num_chunk_merges: 0.
num_chunk_splits: 6.
num_chunks_enlarged: 4.
num_inconsistent_stats: 0.

CodeCache: size=49152Kb used=1458Kb max_used=1761Kb free=47694Kb
 bounds [0x000001aea12a0000, 0x000001aea1510000, 0x000001aea42a0000]
 total_blobs=606 nmethods=301 adapters=233
 compilation: enabled
              stopped_count=0, restarted_count=0
 full_count=0

Compilation events (20 events):
Event: 13.874 Thread 0x000001aea99dbb80 nmethod 290 0x000001aea140ae10 code [0x000001aea140b000, 0x000001aea140b4c8]
Event: 13.874 Thread 0x000001aea99dbb80  291       1       java.lang.Math::addExact (32 bytes)
Event: 13.874 Thread 0x000001aea99dbb80 nmethod 291 0x000001aea140aa90 code [0x000001aea140ac20, 0x000001aea140ad68]
Event: 13.874 Thread 0x000001aea99dbb80  292       1       java.lang.Math::multiplyExact (74 bytes)
Event: 13.874 Thread 0x000001aea99dbb80 nmethod 292 0x000001aea140a590 code [0x000001aea140a740, 0x000001aea140a9c8]
Event: 13.874 Thread 0x000001aea99dbb80  293       1       java.nio.file.attribute.FileTime::toMillis (98 bytes)
Event: 13.874 Thread 0x000001aea99dbb80 nmethod 293 0x000001aea1409f90 code [0x000001aea140a160, 0x000001aea140a468]
Event: 13.937 Thread 0x000001aea99dbb80  295   !   1       jdk.internal.loader.URLClassPath$JarLoader::getResource (65 bytes)
Event: 13.938 Thread 0x000001aea99dbb80 nmethod 295 0x000001aea1409790 code [0x000001aea1409980, 0x000001aea1409da8]
Event: 14.392 Thread 0x000001aea99dbb80  297       1       java.util.zip.ZipFile$Source::getMetaVersion (221 bytes)
Event: 14.392 Thread 0x000001aea99dbb80 nmethod 297 0x000001aea1409010 code [0x000001aea14091e0, 0x000001aea14095d8]
Event: 14.392 Thread 0x000001aea99dbb80  296       1       java.util.zip.ZipFile$Source::isSignatureRelated (205 bytes)
Event: 14.393 Thread 0x000001aea99dbb80 nmethod 296 0x000001aea1408a90 code [0x000001aea1408c20, 0x000001aea1408e98]
Event: 14.441 Thread 0x000001aea99dbb80  298       1       java.io.BufferedReader::readLine (7 bytes)
Event: 14.441 Thread 0x000001aea99dbb80 nmethod 298 0x000001aea1408790 code [0x000001aea1408920, 0x000001aea1408a08]
Event: 14.735 Thread 0x000001aea99dbb80  299   !   1       sun.net.www.ParseUtil::decode (317 bytes)
Event: 14.737 Thread 0x000001aea99dbb80 nmethod 299 0x000001aea1406290 code [0x000001aea1406640, 0x000001aea1407978]
Event: 14.750 Thread 0x000001aea99dbb80  300   !   1       java.util.zip.Inflater::inflate (418 bytes)
Event: 14.750 Thread 0x000001aea99dbb80 nmethod 300 0x000001aea1404b90 code [0x000001aea1404de0, 0x000001aea1405648]
Event: 15.451 Thread 0x000001aea99dbb80  302       1       java.util.zip.ZipFile$Source::initCEN (591 bytes)

GC Heap History (0 events):
No events

Dll operation events (4 events):
Event: 0.009 Loaded shared library c:\Users\Muhammad Waqar\.vscode\extensions\redhat.java-1.20.0-win32-x64\jre\17.0.7-win32-x86_64\bin\java.dll
Event: 4.265 Loaded shared library C:\Users\Muhammad Waqar\.vscode\extensions\redhat.java-1.20.0-win32-x64\jre\17.0.7-win32-x86_64\bin\net.dll
Event: 4.698 Loaded shared library C:\Users\Muhammad Waqar\.vscode\extensions\redhat.java-1.20.0-win32-x64\jre\17.0.7-win32-x86_64\bin\nio.dll
Event: 6.211 Loaded shared library C:\Users\Muhammad Waqar\.vscode\extensions\redhat.java-1.20.0-win32-x64\jre\17.0.7-win32-x86_64\bin\zip.dll

Deoptimization events (0 events):
No events

Classes unloaded (0 events):
No events

Classes redefined (0 events):
No events

Internal exceptions (1 events):
Event: 15.441 Thread 0x000001ae9e618050 Exception <a 'java/io/IOException'{0x00000000c74cc1a0}: Read error> (0x00000000c74cc1a0) 
thrown [s\src\hotspot\share\prims\jni.cpp, line 535]

VM Operations (18 events):
Event: 1.025 Executing VM operation: Cleanup
Event: 1.025 Executing VM operation: Cleanup done
Event: 6.217 Executing VM operation: HandshakeAllThreads
Event: 6.217 Executing VM operation: HandshakeAllThreads done
Event: 7.223 Executing VM operation: Cleanup
Event: 7.223 Executing VM operation: Cleanup done
Event: 9.231 Executing VM operation: Cleanup
Event: 9.232 Executing VM operation: Cleanup done
Event: 10.246 Executing VM operation: Cleanup
Event: 10.246 Executing VM operation: Cleanup done
Event: 11.256 Executing VM operation: Cleanup
Event: 11.256 Executing VM operation: Cleanup done
Event: 13.265 Executing VM operation: Cleanup
Event: 13.265 Executing VM operation: Cleanup done
Event: 14.268 Executing VM operation: Cleanup
Event: 14.268 Executing VM operation: Cleanup done
Event: 15.270 Executing VM operation: Cleanup
Event: 15.270 Executing VM operation: Cleanup done

Events (20 events):
Event: 10.027 loading class java/util/LinkedList
Event: 10.028 loading class java/util/AbstractSequentialList
Event: 10.028 loading class java/util/AbstractSequentialList done
Event: 10.028 loading class java/util/LinkedList done
Event: 10.028 loading class java/util/LinkedList$Node
Event: 10.028 loading class java/util/LinkedList$Node done
Event: 13.464 loading class java/util/jar/JarVerifier
Event: 13.464 loading class java/util/jar/JarVerifier done
Event: 13.464 loading class java/security/CodeSigner
Event: 13.464 loading class java/security/CodeSigner done
Event: 13.465 loading class java/util/StringTokenizer
Event: 13.465 loading class java/util/StringTokenizer done
Event: 13.465 loading class java/io/FileNotFoundException
Event: 13.465 loading class java/io/IOException
Event: 13.465 loading class java/io/IOException done
Event: 13.465 loading class java/io/FileNotFoundException done
Event: 13.465 loading class java/security/PrivilegedActionException
Event: 13.465 loading class java/security/PrivilegedActionException done
Event: 15.441 loading class java/io/RandomAccessFile$1
Event: 15.442 loading class java/io/RandomAccessFile$1 done


Dynamic libraries:
0x00007ff6ead00000 - 0x00007ff6ead0e000 	c:\Users\Muhammad Waqar\.vscode\extensions\redhat.java-1.20.0-win32-x64\jre\17.0.7-win32-x86_64\bin\java.exe
0x00007ffb7c4e0000 - 0x00007ffb7c6e7000 	C:\Windows\SYSTEM32\ntdll.dll
0x00007ffb7b860000 - 0x00007ffb7b91d000 	C:\Windows\System32\KERNEL32.DLL
0x00007ffb79b50000 - 0x00007ffb79ec2000 	C:\Windows\System32\KERNELBASE.dll
0x00007ffb7a290000 - 0x00007ffb7a3a1000 	C:\Windows\System32\ucrtbase.dll
0x00007ffb67e00000 - 0x00007ffb67e17000 	c:\Users\Muhammad Waqar\.vscode\extensions\redhat.java-1.20.0-win32-x64\jre\17.0.7-win32-x86_64\bin\jli.dll
0x00007ffb67ef0000 - 0x00007ffb67f09000 	c:\Users\Muhammad Waqar\.vscode\extensions\redhat.java-1.20.0-win32-x64\jre\17.0.7-win32-x86_64\bin\VCRUNTIME140.dll
0x00007ffb7b9a0000 - 0x00007ffb7bb4c000 	C:\Windows\System32\USER32.dll
0x00007ffb5b730000 - 0x00007ffb5b9d5000 	C:\Windows\WinSxS\amd64_microsoft.windows.common-controls_6595b64144ccf1df_6.0.21996.1_none_7d6b053978bcd706\COMCTL32.dll
0x00007ffb79b20000 - 0x00007ffb79b46000 	C:\Windows\System32\win32u.dll
0x00007ffb7bd90000 - 0x00007ffb7be33000 	C:\Windows\System32\msvcrt.dll
0x00007ffb7a3b0000 - 0x00007ffb7a3d9000 	C:\Windows\System32\GDI32.dll
0x00007ffb7a0b0000 - 0x00007ffb7a1c2000 	C:\Windows\System32\gdi32full.dll
0x00007ffb79a00000 - 0x00007ffb79a9d000 	C:\Windows\System32\msvcp_win.dll
0x00007ffb7b770000 - 0x00007ffb7b7a1000 	C:\Windows\System32\IMM32.DLL
0x00007ffb75680000 - 0x00007ffb7568c000 	c:\Users\Muhammad Waqar\.vscode\extensions\redhat.java-1.20.0-win32-x64\jre\17.0.7-win32-x86_64\bin\vcruntime140_1.dll
0x00007ffb502c0000 - 0x00007ffb50351000 	c:\Users\Muhammad Waqar\.vscode\extensions\redhat.java-1.20.0-win32-x64\jre\17.0.7-win32-x86_64\bin\msvcp140.dll
0x00007ffb22ed0000 - 0x00007ffb23b18000 	c:\Users\Muhammad Waqar\.vscode\extensions\redhat.java-1.20.0-win32-x64\jre\17.0.7-win32-x86_64\bin\server\jvm.dll
0x00007ffb7b7b0000 - 0x00007ffb7b85c000 	C:\Windows\System32\ADVAPI32.dll
0x00007ffb7bed0000 - 0x00007ffb7bf6d000 	C:\Windows\System32\sechost.dll
0x00007ffb7bb60000 - 0x00007ffb7bc81000 	C:\Windows\System32\RPCRT4.dll
0x00007ffb38930000 - 0x00007ffb38939000 	C:\Windows\SYSTEM32\WSOCK32.dll
0x00007ffb623d0000 - 0x00007ffb623da000 	C:\Windows\SYSTEM32\VERSION.dll
0x00007ffb70400000 - 0x00007ffb70433000 	C:\Windows\SYSTEM32\WINMM.dll
0x00007ffb7be60000 - 0x00007ffb7becf000 	C:\Windows\System32\WS2_32.dll
0x00007ffb78af0000 - 0x00007ffb78b07000 	C:\Windows\SYSTEM32\kernel.appcore.dll
0x00007ffb75630000 - 0x00007ffb7563a000 	c:\Users\Muhammad Waqar\.vscode\extensions\redhat.java-1.20.0-win32-x64\jre\17.0.7-win32-x86_64\bin\jimage.dll
0x00007ffb77540000 - 0x00007ffb77761000 	C:\Windows\SYSTEM32\DBGHELP.DLL
0x00007ffb616b0000 - 0x00007ffb616e1000 	C:\Windows\SYSTEM32\dbgcore.DLL
0x00007ffb79aa0000 - 0x00007ffb79b20000 	C:\Windows\System32\bcryptPrimitives.dll
0x00007ffb67940000 - 0x00007ffb67965000 	c:\Users\Muhammad Waqar\.vscode\extensions\redhat.java-1.20.0-win32-x64\jre\17.0.7-win32-x86_64\bin\java.dll
0x00007ffb67c50000 - 0x00007ffb67c68000 	c:\Users\Muhammad Waqar\.vscode\extensions\redhat.java-1.20.0-win32-x64\jre\17.0.7-win32-x86_64\bin\zip.dll
0x00007ffb7aca0000 - 0x00007ffb7b409000 	C:\Windows\System32\SHELL32.dll
0x00007ffb77b80000 - 0x00007ffb783d8000 	C:\Windows\SYSTEM32\windows.storage.dll
0x00007ffb7a5f0000 - 0x00007ffb7a965000 	C:\Windows\System32\combase.dll
0x00007ffb77a10000 - 0x00007ffb77b76000 	C:\Windows\SYSTEM32\wintypes.dll
0x00007ffb7bca0000 - 0x00007ffb7bd8a000 	C:\Windows\System32\SHCORE.dll
0x00007ffb7ac20000 - 0x00007ffb7ac7d000 	C:\Windows\System32\shlwapi.dll
0x00007ffb79930000 - 0x00007ffb79951000 	C:\Windows\SYSTEM32\profapi.dll
0x00007ffb634e0000 - 0x00007ffb634f9000 	C:\Users\Muhammad Waqar\.vscode\extensions\redhat.java-1.20.0-win32-x64\jre\17.0.7-win32-x86_64\bin\net.dll
0x00007ffb71fa0000 - 0x00007ffb720ac000 	C:\Windows\SYSTEM32\WINHTTP.dll
0x00007ffb78ef0000 - 0x00007ffb78f57000 	C:\Windows\system32\mswsock.dll
0x00007ffb633d0000 - 0x00007ffb633e5000 	C:\Users\Muhammad Waqar\.vscode\extensions\redhat.java-1.20.0-win32-x64\jre\17.0.7-win32-x86_64\bin\nio.dll

dbghelp: loaded successfully - version: 4.0.5 - missing functions: none
symbol engine: initialized successfully - sym options: 0x614 - pdb path: .;c:\Users\Muhammad Waqar\.vscode\extensions\redhat.java-1.20.0-win32-x64\jre\17.0.7-win32-x86_64\bin;C:\Windows\SYSTEM32;C:\Windows\WinSxS\amd64_microsoft.windows.common-controls_6595b64144ccf1df_6.0.21996.1_none_7d6b053978bcd706;c:\Users\Muhammad Waqar\.vscode\extensions\redhat.java-1.20.0-win32-x64\jre\17.0.7-win32-x86_64\bin\server

VM Arguments:
jvm_args: -XX:+HeapDumpOnOutOfMemoryError -Xmx1024m -Dsts.lsp.client=vscode -Dsts.log.file=/dev/null -XX:TieredStopAtLevel=1 -Xlog:jni+resolve=off -Dspring.config.location=file:c:\Users\Muhammad Waqar\.vscode\extensions\vmware.vscode-spring-boot-1.47.0\language-server\BOOT-INF\classes\application.properties 
java_command: org.springframework.ide.vscode.boot.app.BootLanguageServerBootApp
java_class_path (initial): c:\Users\Muhammad Waqar\.vscode\extensions\vmware.vscode-spring-boot-1.47.0\language-server\BOOT-INF\classes;c:\Users\Muhammad Waqar\.vscode\extensions\vmware.vscode-spring-boot-1.47.0\language-server\BOOT-INF\lib\annotations-24.0.1.jar;c:\Users\Muhammad Waqar\.vscode\extensions\vmware.vscode-spring-boot-1.47.0\language-server\BOOT-INF\lib\antlr-runtime-3.5.3.jar;c:\Users\Muhammad Waqar\.vscode\extensions\vmware.vscode-spring-boot-1.47.0\language-server\BOOT-INF\lib\antlr4-4.11.1.jar;c:\Users\Muhammad Waqar\.vscode\extensions\vmware.vscode-spring-boot-1.47.0\language-server\BOOT-INF\lib\antlr4-runtime-4.11.1.jar;c:\Users\Muhammad Waqar\.vscode\extensions\vmware.vscode-spring-boot-1.47.0\language-server\BOOT-INF\lib\aopalliance-1.0.jar;c:\Users\Muhammad Waqar\.vscode\extensions\vmware.vscode-spring-boot-1.47.0\language-server\BOOT-INF\lib\asm-9.5.jar;c:\Users\Muhammad Waqar\.vscode\extensions\vmware.vscode-spring-boot-1.47.0\language-server\BOOT-INF\lib\asm-analysis-9.5.jar;c:\Users\Muhammad Waqar\.vscode\extensions\vmware.vscode-spring-boot-1.47.0\language-server\BOOT-INF\lib\asm-tree-9.5.jar;c:\Users\Muhammad Waqar\.vscode\extensions\vmware.vscode-spring-boot-1.47.0\language-server\BOOT-INF\lib\asm-util-9.5.jar;c:\Users\Muhammad Waqar\.vscode\extensions\vmware.vscode-spring-boot-1.47.0\language-server\BOOT-INF\lib\auto-common-1.2.1.jar;c:\Users\Muhammad Waqar\.vscode\extensions\vmware.vscode-spring-boot-1.47.0\language-server\BOOT-INF\lib\auto-value-annotations-1.9.jar;c:\Users\Muhammad Waqar\.vscode\extensions\vmware.vscode-spring-boot-1.47.0\language-server\BOOT-INF\lib\caffeine-3.1.2.jar;c:\Users\Muhammad Waqar\.vscode\extensions\vmware.vscode-spring-boot-1.47.0\language-server\BOOT-INF\lib\checker-qual-3.12.0.jar;c:\Users\Muhammad Waqar\.vscode\extensions\vmware.vscode-spring-boot-1.47.0\language-server\BOOT-INF\lib\classgraph-4.8.149.jar;c:\Users\Muhammad Waqar\.vscode\extensions\vmware.vscode-spring-boot-1.47.0\language-server\BOO
Launcher Type: SUN_STANDARD

[Global flags]
     intx CICompilerCount                          = 4                                         {product} {ergonomic}
     uint ConcGCThreads                            = 3                                         {product} {ergonomic}
     uint G1ConcRefinementThreads                  = 10                                        {product} {ergonomic}
   size_t G1HeapRegionSize                         = 1048576                                   {product} {ergonomic}
    uintx GCDrainStackTargetSize                   = 64                                        {product} {ergonomic}
     bool HeapDumpOnOutOfMemoryError               = true                                   {manageable} {command line}
   size_t InitialHeapSize                          = 130023424                                 {product} {ergonomic}
   size_t MarkStackSize                            = 4194304                                   {product} {ergonomic}
   size_t MaxHeapSize                              = 1073741824                                {product} {command line}
   size_t MaxNewSize                               = 643825664                                 {product} {ergonomic}
   size_t MinHeapDeltaBytes                        = 1048576                                   {product} {ergonomic}
   size_t MinHeapSize                              = 8388608                                   {product} {ergonomic}
    uintx NonProfiledCodeHeapSize                  = 0                                      {pd product} {ergonomic}
     bool ProfileInterpreter                       = false                                  {pd product} {command line}
    uintx ProfiledCodeHeapSize                     = 0                                      {pd product} {ergonomic}
   size_t SoftMaxHeapSize                          = 1073741824                             {manageable} {ergonomic}
     intx TieredStopAtLevel                        = 1                                         {product} {command line}
     bool UseCompressedClassPointers               = true                           {product lp64_product} {ergonomic}
     bool UseCompressedOops                        = true                           {product lp64_product} {ergonomic}
     bool UseG1GC                                  = true                                      {product} {ergonomic}
     bool UseLargePagesIndividualAllocation        = false                                  {pd product} {ergonomic}

Logging:
Log output configuration:
 #0: stdout all=warning,jni+resolve=off uptime,level,tags
 #1: stderr all=off uptime,level,tags

Environment Variables:
PATH=C:\Program Files\Common Files\Oracle\Java\javapath;C:\Python311\Scripts\;C:\Python311\;C:\Windows\system32;C:\Windows;C:\Windows\System32\Wbem;C:\Windows\System32\WindowsPowerShell\v1.0\;C:\Windows\System32\OpenSSH\;C:\Program Files\nodejs\;C:\ProgramData\chocolatey\bin;C:\Program Files\Docker\Docker\resources\bin;C:\Program Files\Git\cmd;C:\Program Files\Amazon\AWSCLIV2\;C:\Users\Muhammad Waqar\AppData\Local\Microsoft\WindowsApps;C:\Users\Muhammad Waqar\AppData\Roaming\npm;C:\Users\Muhammad Waqar\AppData\Local\Programs\Microsoft VS Code\bin
USERNAME=Muhammad Waqar
OS=Windows_NT
PROCESSOR_IDENTIFIER=Intel64 Family 6 Model 154 Stepping 4, GenuineIntel
TMP=C:\Users\MUHAMM~1\AppData\Local\Temp
TEMP=C:\Users\MUHAMM~1\AppData\Local\Temp



---------------  S Y S T E M  ---------------

OS:
 Windows 10 , 64 bit Build 21996 (10.0.21996.1)
OS uptime: 1 days 14:32 hours
Hyper-V role detected

CPU: total 12 (initial active 12) (6 cores per cpu, 2 threads per core) family 6 model 154 stepping 4 microcode 0x41f, cx8, cmov, fxsr, ht, mmx, 3dnowpref, sse, sse2, sse3, ssse3, sse4.1, sse4.2, popcnt, lzcnt, tsc, tscinvbit, avx, avx2, aes, erms, clmul, bmi1, bmi2, adx, sha, fma, vzeroupper, clflush, clflushopt, clwb, hv

Memory: 4k page, system-wide physical 7916M (699M free)
TotalPageFile size 32492M (AvailPageFile size 4M)
current process WorkingSet (physical memory assigned to process): 37M, peak: 37M
current process commit charge ("private bytes"): 201M, peak: 201M

vm_info: OpenJDK 64-Bit Server VM (17.0.7+7) for windows-amd64 JRE (17.0.7+7), built on Apr 18 2023 22:10:42 by "temurin" with MS VC++ 16.7 (VS2019)

END.
